app/build/intermediates/manifest_merge_blame_file/release/manifest-merger-blame-release-report.txt
1<?xml version="1.0" encoding="utf-8"?>
2<manifest xmlns:android="http://schemas.android.com/apk/res/android"
3    package="com.drdisagree.pinkbean.monet"
4    android:installLocation="internalOnly"
5    android:versionCode="1"
6    android:versionName="Monet 1.0" >
7
8    <uses-sdk
9        android:minSdkVersion="28"
9-->src\main\AndroidManifest.xml
10        android:targetSdkVersion="28" />
10-->[com.github.javiersantos:PiracyChecker:1.2.5] AndroidManifest.xml:9:9-38
11
12    <uses-permission android:name="com.android.vending.CHECK_LICENSE" />
12-->src\main\AndroidManifest.xml:7:5-72
12-->src\main\AndroidManifest.xml:7:22-70
13    <uses-permission android:name="android.permission.INTERNET" />
13-->src\main\AndroidManifest.xml:8:5-67
13-->src\main\AndroidManifest.xml:8:22-64
14    <uses-permission android:name="com.android.vending.BILLING" />
14-->src\main\AndroidManifest.xml:9:5-67
14-->src\main\AndroidManifest.xml:9:22-64
15
16    <uses-feature
16-->src\main\AndroidManifest.xml:11:2-13:36
17        android:name="projekt.substratum.theme"
17-->src\main\AndroidManifest.xml:12:9-48
18        android:required="false" />
18-->src\main\AndroidManifest.xml:13:9-33
19
20    <!-- Set to true for OMS-rom only block to be enabled -->
21    <application
21-->src\main\AndroidManifest.xml:15:5-72:19
22        android:allowBackup="false"
22-->src\main\AndroidManifest.xml:16:9-36
23        android:extractNativeLibs="false"
23-->src\main\AndroidManifest.xml:23:9-42
24        android:icon="@mipmap/ic_launcher"
24-->src\main\AndroidManifest.xml:17:9-43
25        android:label="@string/ThemeName"
25-->src\main\AndroidManifest.xml:18:9-42
26        android:supportsRtl="true"
26-->src\main\AndroidManifest.xml:19:9-35
27        android:theme="@style/DialogStyle" >
27-->src\main\AndroidManifest.xml:20:9-43
28        <activity android:name="com.drdisagree.pinkbean.SubstratumLauncher" >
28-->src\main\AndroidManifest.xml:25:9-41:20
28-->src\main\AndroidManifest.xml:25:19-76
29            <intent-filter>
29-->src\main\AndroidManifest.xml:26:13-29:29
30                <action android:name="projekt.substratum.THEME" />
30-->src\main\AndroidManifest.xml:27:17-66
30-->src\main\AndroidManifest.xml:27:25-64
31
32                <category android:name="android.intent.category.DEFAULT" />
32-->src\main\AndroidManifest.xml:28:17-75
32-->src\main\AndroidManifest.xml:28:27-73
33            </intent-filter>
34            <intent-filter>
34-->src\main\AndroidManifest.xml:30:13-33:29
35                <action android:name="projekt.substratum.lite.THEME" />
35-->src\main\AndroidManifest.xml:31:17-71
35-->src\main\AndroidManifest.xml:31:25-69
36
37                <category android:name="android.intent.category.DEFAULT" />
37-->src\main\AndroidManifest.xml:28:17-75
37-->src\main\AndroidManifest.xml:28:27-73
38            </intent-filter>
39            <intent-filter>
39-->src\main\AndroidManifest.xml:34:13-37:29
40                <action android:name="projekt.substratum.GET_KEYS" />
40-->src\main\AndroidManifest.xml:35:17-70
40-->src\main\AndroidManifest.xml:35:25-67
41
42                <category android:name="android.intent.category.DEFAULT" />
42-->src\main\AndroidManifest.xml:28:17-75
42-->src\main\AndroidManifest.xml:28:27-73
43            </intent-filter>
44            <intent-filter>
44-->src\main\AndroidManifest.xml:38:13-40:29
45                <action android:name="android.intent.action.MAIN" />
45-->src\main\AndroidManifest.xml:39:17-68
45-->src\main\AndroidManifest.xml:39:25-66
46            </intent-filter>
47        </activity>
48
49        <meta-data
49-->src\main\AndroidManifest.xml:42:9-44:55
50            android:name="Substratum_Legacy"
50-->src\main\AndroidManifest.xml:43:13-45
51            android:value="@bool/ThemeSupportLegacy" />
51-->src\main\AndroidManifest.xml:44:13-53
52        <meta-data
52-->src\main\AndroidManifest.xml:45:9-47:48
53            android:name="Substratum_Name"
53-->src\main\AndroidManifest.xml:46:13-43
54            android:value="@string/ThemeName" />
54-->src\main\AndroidManifest.xml:47:13-46
55        <meta-data
55-->src\main\AndroidManifest.xml:48:9-50:50
56            android:name="Substratum_Author"
56-->src\main\AndroidManifest.xml:49:13-45
57            android:value="@string/ThemeAuthor" />
57-->src\main\AndroidManifest.xml:50:13-48
58        <meta-data
58-->src\main\AndroidManifest.xml:51:9-53:55
59            android:name="Substratum_Email"
59-->src\main\AndroidManifest.xml:52:13-44
60            android:value="@string/ThemeAuthorEmail" />
60-->src\main\AndroidManifest.xml:53:13-53
61        <meta-data
61-->src\main\AndroidManifest.xml:54:9-56:56
62            android:name="Substratum_Samsung"
62-->src\main\AndroidManifest.xml:55:13-46
63            android:value="@bool/ThemeSupportSamsung" />
63-->src\main\AndroidManifest.xml:56:13-54
64        <meta-data
64-->src\main\AndroidManifest.xml:57:9-59:59
65            android:name="Substratum_Wallpapers"
65-->src\main\AndroidManifest.xml:58:13-49
66            android:value="@string/ThemeWallpaperSource" />
66-->src\main\AndroidManifest.xml:59:13-57
67        <meta-data
67-->src\main\AndroidManifest.xml:60:9-62:56
68            android:name="Substratum_HeroOverride"
68-->src\main\AndroidManifest.xml:61:13-51
69            android:value="@string/ThemeHeroOverride" />
69-->src\main\AndroidManifest.xml:62:13-54
70
71        <!-- SUBSTRATUM INTERNAL USE: DO NOT TOUCH -->
72        <meta-data
72-->src\main\AndroidManifest.xml:65:9-67:37
73            android:name="Substratum_Plugin"
73-->src\main\AndroidManifest.xml:66:13-45
74            android:value="14.0.4" />
74-->src\main\AndroidManifest.xml:67:13-35
75        <meta-data
75-->src\main\AndroidManifest.xml:68:9-70:56
76            android:name="Substratum_Encryption"
76-->src\main\AndroidManifest.xml:69:13-49
77            android:value="@string/encryption_status" />
77-->src\main\AndroidManifest.xml:70:13-54
78    </application>
79
80</manifest>